<?xml version="1.0" encoding="UTF-8"?>
<!-- Generated by org.testng.reporters.JUnitReportReporter -->
<testsuite hostname="DESKTOP-7PTLF1L" failures="0" tests="1" name="com.test.LoginTest" time="12.642" errors="0" timestamp="2024-02-25T20:38:25 IST" skipped="0">
  <testcase classname="com.test.LoginTest" name="verifyLoginWithValidCredentials" time="12.642"/>
</testsuite> <!-- com.test.LoginTest -->
